2023-04-01-19:05:46.153 ERROR [http-nio-8080-exec-5]-org.apache.juli.logging.DirectJDKLog:175>>Servlet.service() for servlet [dispatcherServlet] in context with path [] threw exception [Request processing failed; nested exception is java.lang.NumberFormatException: For input string: "17#"] with root cause
java.lang.NumberFormatException: For input string: "17#"
	at java.lang.NumberFormatException.forInputString(NumberFormatException.java:65)
	at java.lang.Integer.parseInt(Integer.java:580)
	at java.lang.Integer.parseInt(Integer.java:615)
	at com.gyb.service.Imp.ShoppingCartSeriveImpl.listSignedCartById(ShoppingCartSeriveImpl.java:58)
	at com.gyb.controller.ShoppingCartController.listSignedProductInCartById(ShoppingCartController.java:51)
	at sun.reflect.NativeMethodAccessorImpl.invoke0(Native Method)
	at sun.reflect.NativeMethodAccessorImpl.invoke(NativeMethodAccessorImpl.java:62)
	at sun.reflect.DelegatingMethodAccessorImpl.invoke(DelegatingMethodAccessorImpl.java:43)
	at java.lang.reflect.Method.invoke(Method.java:498)
	at org.springframework.web.method.support.InvocableHandlerMethod.doInvoke(InvocableHandlerMethod.java:205)
	at org.springframework.web.method.support.InvocableHandlerMethod.invokeForRequest(InvocableHandlerMethod.java:150)
	at org.springframework.web.servlet.mvc.method.annotation.ServletInvocableHandlerMethod.invokeAndHandle(ServletInvocableHandlerMethod.java:117)
	at org.springframework.web.servlet.mvc.method.annotation.RequestMappingHandlerAdapter.invokeHandlerMethod(RequestMappingHandlerAdapter.java:895)
	at org.springframework.web.servlet.mvc.method.annotation.RequestMappingHandlerAdapter.handleInternal(RequestMappingHandlerAdapter.java:808)
	at org.springframework.web.servlet.mvc.method.AbstractHandlerMethodAdapter.handle(AbstractHandlerMethodAdapter.java:87)
	at org.springframework.web.servlet.DispatcherServlet.doDispatch(DispatcherServlet.java:1070)
	at org.springframework.web.servlet.DispatcherServlet.doService(DispatcherServlet.java:963)
	at org.springframework.web.servlet.FrameworkServlet.processRequest(FrameworkServlet.java:1006)
	at org.springframework.web.servlet.FrameworkServlet.doGet(FrameworkServlet.java:898)
	at javax.servlet.http.HttpServlet.service(HttpServlet.java:655)
	at org.springframework.web.servlet.FrameworkServlet.service(FrameworkServlet.java:883)
	at javax.servlet.http.HttpServlet.service(HttpServlet.java:764)
	at org.apache.catalina.core.ApplicationFilterChain.internalDoFilter(ApplicationFilterChain.java:227)
	at org.apache.catalina.core.ApplicationFilterChain.doFilter(ApplicationFilterChain.java:162)
	at org.apache.tomcat.websocket.server.WsFilter.doFilter(WsFilter.java:53)
	at org.apache.catalina.core.ApplicationFilterChain.internalDoFilter(ApplicationFilterChain.java:189)
	at org.apache.catalina.core.ApplicationFilterChain.doFilter(ApplicationFilterChain.java:162)
	at org.springframework.web.filter.RequestContextFilter.doFilterInternal(RequestContextFilter.java:100)
	at org.springframework.web.filter.OncePerRequestFilter.doFilter(OncePerRequestFilter.java:117)
	at org.apache.catalina.core.ApplicationFilterChain.internalDoFilter(ApplicationFilterChain.java:189)
	at org.apache.catalina.core.ApplicationFilterChain.doFilter(ApplicationFilterChain.java:162)
	at org.springframework.web.filter.FormContentFilter.doFilterInternal(FormContentFilter.java:93)
	at org.springframework.web.filter.OncePerRequestFilter.doFilter(OncePerRequestFilter.java:117)
	at org.apache.catalina.core.ApplicationFilterChain.internalDoFilter(ApplicationFilterChain.java:189)
	at org.apache.catalina.core.ApplicationFilterChain.doFilter(ApplicationFilterChain.java:162)
	at org.springframework.web.filter.CharacterEncodingFilter.doFilterInternal(CharacterEncodingFilter.java:201)
	at org.springframework.web.filter.OncePerRequestFilter.doFilter(OncePerRequestFilter.java:117)
	at org.apache.catalina.core.ApplicationFilterChain.internalDoFilter(ApplicationFilterChain.java:189)
	at org.apache.catalina.core.ApplicationFilterChain.doFilter(ApplicationFilterChain.java:162)
	at org.apache.catalina.core.StandardWrapperValve.invoke(StandardWrapperValve.java:197)
	at org.apache.catalina.core.StandardContextValve.invoke(StandardContextValve.java:97)
	at org.apache.catalina.authenticator.AuthenticatorBase.invoke(AuthenticatorBase.java:541)
	at org.apache.catalina.core.StandardHostValve.invoke(StandardHostValve.java:135)
	at org.apache.catalina.valves.ErrorReportValve.invoke(ErrorReportValve.java:92)
	at org.apache.catalina.core.StandardEngineValve.invoke(StandardEngineValve.java:78)
	at org.apache.catalina.connector.CoyoteAdapter.service(CoyoteAdapter.java:360)
	at org.apache.coyote.http11.Http11Processor.service(Http11Processor.java:399)
	at org.apache.coyote.AbstractProcessorLight.process(AbstractProcessorLight.java:65)
	at org.apache.coyote.AbstractProtocol$ConnectionHandler.process(AbstractProtocol.java:890)
	at org.apache.tomcat.util.net.NioEndpoint$SocketProcessor.doRun(NioEndpoint.java:1789)
	at org.apache.tomcat.util.net.SocketProcessorBase.run(SocketProcessorBase.java:49)
	at org.apache.tomcat.util.threads.ThreadPoolExecutor.runWorker(ThreadPoolExecutor.java:1191)
	at org.apache.tomcat.util.threads.ThreadPoolExecutor$Worker.run(ThreadPoolExecutor.java:659)
	at org.apache.tomcat.util.threads.TaskThread$WrappingRunnable.run(TaskThread.java:61)
	at java.lang.Thread.run(Thread.java:748)
2023-04-01-19:05:46.212 WARN [http-nio-8080-exec-3]-com.alibaba.druid.pool.DruidAbstractDataSource:1494>>discard long time none received connection. , jdbcUrl : jdbc:mysql://47.120.13.50:3306/kzmall?useSSL=false, version : 1.2.8, lastPacketReceivedIdleMillis : 559333
2023-04-01-19:05:46.313 WARN [http-nio-8080-exec-3]-com.alibaba.druid.pool.DruidAbstractDataSource:1494>>discard long time none received connection. , jdbcUrl : jdbc:mysql://47.120.13.50:3306/kzmall?useSSL=false, version : 1.2.8, lastPacketReceivedIdleMillis : 671776
2023-04-01-19:10:39.802 WARN [http-nio-8080-exec-6]-com.alibaba.druid.pool.DruidAbstractDataSource:1494>>discard long time none received connection. , jdbcUrl : jdbc:mysql://47.120.13.50:3306/kzmall?useSSL=false, version : 1.2.8, lastPacketReceivedIdleMillis : 200691
2023-04-01-19:10:39.803 WARN [http-nio-8080-exec-5]-com.alibaba.druid.pool.DruidAbstractDataSource:1494>>discard long time none received connection. , jdbcUrl : jdbc:mysql://47.120.13.50:3306/kzmall?useSSL=false, version : 1.2.8, lastPacketReceivedIdleMillis : 274102
2023-04-01-19:18:49.223 INFO [SpringApplicationShutdownHook]-org.quartz.core.QuartzScheduler:585>>Scheduler quartzScheduler_$_NON_CLUSTERED paused.
2023-04-01-19:18:49.499 INFO [SpringApplicationShutdownHook]-org.springframework.scheduling.quartz.SchedulerFactoryBean:847>>Shutting down Quartz Scheduler
2023-04-01-19:18:49.499 INFO [SpringApplicationShutdownHook]-org.quartz.core.QuartzScheduler:666>>Scheduler quartzScheduler_$_NON_CLUSTERED shutting down.
2023-04-01-19:18:49.500 INFO [SpringApplicationShutdownHook]-org.quartz.core.QuartzScheduler:585>>Scheduler quartzScheduler_$_NON_CLUSTERED paused.
2023-04-01-19:18:49.501 INFO [SpringApplicationShutdownHook]-org.quartz.core.QuartzScheduler:740>>Scheduler quartzScheduler_$_NON_CLUSTERED shutdown complete.
2023-04-01-19:18:50.886 INFO [SpringApplicationShutdownHook]-com.alibaba.druid.pool.DruidDataSource:2071>>{dataSource-1} closing ...
2023-04-01-19:18:50.889 INFO [SpringApplicationShutdownHook]-com.alibaba.druid.pool.DruidDataSource:2144>>{dataSource-1} closed
2023-04-01-19:18:56.592 INFO [main]-org.springframework.boot.StartupInfoLogger:55>>Starting ApiApplication using Java 1.8.0_311 on LAPTOP-40SKAM17 with PID 13572 (D:\IDEA工程\KzMall\api\target\classes started by 岁月静好 in D:\IDEA工程\KzMall)
2023-04-01-19:18:56.595 INFO [main]-org.springframework.boot.SpringApplication:634>>No active profile set, falling back to 1 default profile: "default"
2023-04-01-19:18:57.518 INFO [main]-org.springframework.data.repository.config.RepositoryConfigurationDelegate:262>>Multiple Spring Data modules found, entering strict repository configuration mode
2023-04-01-19:18:57.520 INFO [main]-org.springframework.data.repository.config.RepositoryConfigurationDelegate:132>>Bootstrapping Spring Data Redis repositories in DEFAULT mode.
2023-04-01-19:18:57.560 INFO [main]-org.springframework.data.repository.config.RepositoryConfigurationDelegate:201>>Finished Spring Data repository scanning in 24 ms. Found 0 Redis repository interfaces.
2023-04-01-19:18:57.669 WARN [main]-org.mybatis.logging.Logger:44>>No MyBatis mapper was found in '[com.gyb]' package. Please check your configuration.
2023-04-01-19:18:58.085 INFO [main]-org.springframework.boot.web.embedded.tomcat.TomcatWebServer:108>>Tomcat initialized with port(s): 8080 (http)
2023-04-01-19:18:58.093 INFO [main]-org.apache.juli.logging.DirectJDKLog:173>>Initializing ProtocolHandler ["http-nio-8080"]
2023-04-01-19:18:58.094 INFO [main]-org.apache.juli.logging.DirectJDKLog:173>>Starting service [Tomcat]
2023-04-01-19:18:58.094 INFO [main]-org.apache.juli.logging.DirectJDKLog:173>>Starting Servlet engine: [Apache Tomcat/9.0.65]
2023-04-01-19:18:58.233 INFO [main]-org.apache.juli.logging.DirectJDKLog:173>>Initializing Spring embedded WebApplicationContext
2023-04-01-19:18:58.233 INFO [main]-org.springframework.boot.web.servlet.context.ServletWebServerApplicationContext:292>>Root WebApplicationContext: initialization completed in 1588 ms
2023-04-01-19:18:58.362 INFO [main]-com.alibaba.druid.spring.boot.autoconfigure.DruidDataSourceAutoConfigure:56>>Init DruidDataSource
2023-04-01-19:18:58.466 INFO [main]-com.alibaba.druid.pool.DruidDataSource:998>>{dataSource-1} inited
2023-04-01-19:19:00.133 INFO [main]-org.redisson.Version:41>>Redisson 3.12.0
2023-04-01-19:19:00.881 INFO [redisson-netty-4-3]-org.redisson.connection.pool.ConnectionPool$1:168>>1 connections initialized for 47.120.13.50/47.120.13.50:6379
2023-04-01-19:19:00.886 INFO [redisson-netty-4-19]-org.redisson.connection.pool.ConnectionPool$1:168>>24 connections initialized for 47.120.13.50/47.120.13.50:6379
2023-04-01-19:19:01.351 INFO [main]-springfox.documentation.spring.web.PropertySourcedRequestMappingHandlerMapping:69>>Mapped URL path [/v2/api-docs] onto method [springfox.documentation.swagger2.web.Swagger2Controller#getDocumentation(String, HttpServletRequest)]
2023-04-01-19:19:01.586 INFO [main]-tk.mybatis.mapper.autoconfigure.MapperCacheDisabler:60>>Clear tk.mybatis.mapper.util.MsUtil CLASS_CACHE cache.
2023-04-01-19:19:01.587 INFO [main]-tk.mybatis.mapper.autoconfigure.MapperCacheDisabler:60>>Clear tk.mybatis.mapper.genid.GenIdUtil CACHE cache.
2023-04-01-19:19:01.588 INFO [main]-tk.mybatis.mapper.autoconfigure.MapperCacheDisabler:60>>Clear tk.mybatis.mapper.version.VersionUtil CACHE cache.
2023-04-01-19:19:01.588 INFO [main]-tk.mybatis.mapper.autoconfigure.MapperCacheDisabler:83>>Clear EntityHelper entityTableMap cache.
2023-04-01-19:19:01.697 INFO [main]-org.quartz.impl.StdSchedulerFactory:1220>>Using default implementation for ThreadExecutor
2023-04-01-19:19:01.708 INFO [main]-org.quartz.core.SchedulerSignalerImpl:61>>Initialized Scheduler Signaller of type: class org.quartz.core.SchedulerSignalerImpl
2023-04-01-19:19:01.708 INFO [main]-org.quartz.core.QuartzScheduler:229>>Quartz Scheduler v.2.3.2 created.
2023-04-01-19:19:01.709 INFO [main]-org.quartz.simpl.RAMJobStore:155>>RAMJobStore initialized.
2023-04-01-19:19:01.710 INFO [main]-org.quartz.core.QuartzScheduler:294>>Scheduler meta-data: Quartz Scheduler (v2.3.2) 'quartzScheduler' with instanceId 'NON_CLUSTERED'
  Scheduler class: 'org.quartz.core.QuartzScheduler' - running locally.
  NOT STARTED.
  Currently in standby mode.
  Number of jobs executed: 0
  Using thread pool 'org.quartz.simpl.SimpleThreadPool' - with 10 threads.
  Using job-store 'org.quartz.simpl.RAMJobStore' - which does not support persistence. and is not clustered.

2023-04-01-19:19:01.710 INFO [main]-org.quartz.impl.StdSchedulerFactory:1374>>Quartz scheduler 'quartzScheduler' initialized from an externally provided properties instance.
2023-04-01-19:19:01.710 INFO [main]-org.quartz.impl.StdSchedulerFactory:1378>>Quartz scheduler version: 2.3.2
2023-04-01-19:19:01.710 INFO [main]-org.quartz.core.QuartzScheduler:2293>>JobFactory set to: org.springframework.scheduling.quartz.SpringBeanJobFactory@308be1a3
2023-04-01-19:19:01.759 INFO [main]-org.apache.juli.logging.DirectJDKLog:173>>Starting ProtocolHandler ["http-nio-8080"]
2023-04-01-19:19:01.770 INFO [main]-org.springframework.boot.web.embedded.tomcat.TomcatWebServer:220>>Tomcat started on port(s): 8080 (http) with context path ''
2023-04-01-19:19:01.771 INFO [main]-springfox.documentation.spring.web.plugins.DocumentationPluginsBootstrapper:160>>Context refreshed
2023-04-01-19:19:01.790 INFO [main]-springfox.documentation.spring.web.plugins.DocumentationPluginsBootstrapper:163>>Found 1 custom documentation plugin(s)
2023-04-01-19:19:01.825 INFO [main]-springfox.documentation.spring.web.scanners.ApiListingReferenceScanner:41>>Scanning for api listing references
2023-04-01-19:19:01.990 INFO [main]-springfox.documentation.spring.web.readers.operation.CachingOperationNameGenerator:40>>Generating unique operation named: getProductCommentsUsingGET_1
2023-04-01-19:19:02.025 INFO [main]-org.springframework.scheduling.quartz.SchedulerFactoryBean:729>>Starting Quartz Scheduler now
2023-04-01-19:19:02.026 INFO [main]-org.quartz.core.QuartzScheduler:547>>Scheduler quartzScheduler_$_NON_CLUSTERED started.
2023-04-01-19:19:02.035 INFO [main]-org.springframework.boot.StartupInfoLogger:61>>Started ApiApplication in 5.919 seconds (JVM running for 7.255)
2023-04-01-19:19:16.705 INFO [http-nio-8080-exec-1]-org.apache.juli.logging.DirectJDKLog:173>>Initializing Spring DispatcherServlet 'dispatcherServlet'
2023-04-01-19:19:16.706 INFO [http-nio-8080-exec-1]-org.springframework.web.servlet.FrameworkServlet:525>>Initializing Servlet 'dispatcherServlet'
2023-04-01-19:19:16.707 INFO [http-nio-8080-exec-1]-org.springframework.web.servlet.FrameworkServlet:547>>Completed initialization in 1 ms
2023-04-01-19:28:56.170 INFO [SpringApplicationShutdownHook]-org.quartz.core.QuartzScheduler:585>>Scheduler quartzScheduler_$_NON_CLUSTERED paused.
2023-04-01-19:28:56.456 INFO [SpringApplicationShutdownHook]-org.springframework.scheduling.quartz.SchedulerFactoryBean:847>>Shutting down Quartz Scheduler
2023-04-01-19:28:56.457 INFO [SpringApplicationShutdownHook]-org.quartz.core.QuartzScheduler:666>>Scheduler quartzScheduler_$_NON_CLUSTERED shutting down.
2023-04-01-19:28:56.457 INFO [SpringApplicationShutdownHook]-org.quartz.core.QuartzScheduler:585>>Scheduler quartzScheduler_$_NON_CLUSTERED paused.
2023-04-01-19:28:56.458 INFO [SpringApplicationShutdownHook]-org.quartz.core.QuartzScheduler:740>>Scheduler quartzScheduler_$_NON_CLUSTERED shutdown complete.
2023-04-01-19:28:57.687 INFO [SpringApplicationShutdownHook]-com.alibaba.druid.pool.DruidDataSource:2071>>{dataSource-1} closing ...
2023-04-01-19:28:57.693 INFO [SpringApplicationShutdownHook]-com.alibaba.druid.pool.DruidDataSource:2144>>{dataSource-1} closed
2023-04-01-19:29:03.689 INFO [main]-org.springframework.boot.StartupInfoLogger:55>>Starting ApiApplication using Java 1.8.0_311 on LAPTOP-40SKAM17 with PID 16080 (D:\IDEA工程\KzMall\api\target\classes started by 岁月静好 in D:\IDEA工程\KzMall)
2023-04-01-19:29:03.693 INFO [main]-org.springframework.boot.SpringApplication:634>>No active profile set, falling back to 1 default profile: "default"
2023-04-01-19:29:04.666 INFO [main]-org.springframework.data.repository.config.RepositoryConfigurationDelegate:262>>Multiple Spring Data modules found, entering strict repository configuration mode
2023-04-01-19:29:04.670 INFO [main]-org.springframework.data.repository.config.RepositoryConfigurationDelegate:132>>Bootstrapping Spring Data Redis repositories in DEFAULT mode.
2023-04-01-19:29:04.720 INFO [main]-org.springframework.data.repository.config.RepositoryConfigurationDelegate:201>>Finished Spring Data repository scanning in 30 ms. Found 0 Redis repository interfaces.
2023-04-01-19:29:04.840 WARN [main]-org.mybatis.logging.Logger:44>>No MyBatis mapper was found in '[com.gyb]' package. Please check your configuration.
2023-04-01-19:29:05.317 INFO [main]-org.springframework.boot.web.embedded.tomcat.TomcatWebServer:108>>Tomcat initialized with port(s): 8080 (http)
2023-04-01-19:29:05.326 INFO [main]-org.apache.juli.logging.DirectJDKLog:173>>Initializing ProtocolHandler ["http-nio-8080"]
2023-04-01-19:29:05.327 INFO [main]-org.apache.juli.logging.DirectJDKLog:173>>Starting service [Tomcat]
2023-04-01-19:29:05.327 INFO [main]-org.apache.juli.logging.DirectJDKLog:173>>Starting Servlet engine: [Apache Tomcat/9.0.65]
2023-04-01-19:29:05.467 INFO [main]-org.apache.juli.logging.DirectJDKLog:173>>Initializing Spring embedded WebApplicationContext
2023-04-01-19:29:05.468 INFO [main]-org.springframework.boot.web.servlet.context.ServletWebServerApplicationContext:292>>Root WebApplicationContext: initialization completed in 1725 ms
2023-04-01-19:29:05.604 INFO [main]-com.alibaba.druid.spring.boot.autoconfigure.DruidDataSourceAutoConfigure:56>>Init DruidDataSource
2023-04-01-19:29:05.708 INFO [main]-com.alibaba.druid.pool.DruidDataSource:998>>{dataSource-1} inited
2023-04-01-19:29:07.440 INFO [main]-org.redisson.Version:41>>Redisson 3.12.0
2023-04-01-19:29:08.226 INFO [redisson-netty-4-19]-org.redisson.connection.pool.ConnectionPool$1:168>>1 connections initialized for 47.120.13.50/47.120.13.50:6379
2023-04-01-19:29:08.226 INFO [redisson-netty-4-8]-org.redisson.connection.pool.ConnectionPool$1:168>>24 connections initialized for 47.120.13.50/47.120.13.50:6379
2023-04-01-19:29:08.699 INFO [main]-springfox.documentation.spring.web.PropertySourcedRequestMappingHandlerMapping:69>>Mapped URL path [/v2/api-docs] onto method [springfox.documentation.swagger2.web.Swagger2Controller#getDocumentation(String, HttpServletRequest)]
2023-04-01-19:29:08.936 INFO [main]-tk.mybatis.mapper.autoconfigure.MapperCacheDisabler:60>>Clear tk.mybatis.mapper.util.MsUtil CLASS_CACHE cache.
2023-04-01-19:29:08.937 INFO [main]-tk.mybatis.mapper.autoconfigure.MapperCacheDisabler:60>>Clear tk.mybatis.mapper.genid.GenIdUtil CACHE cache.
2023-04-01-19:29:08.938 INFO [main]-tk.mybatis.mapper.autoconfigure.MapperCacheDisabler:60>>Clear tk.mybatis.mapper.version.VersionUtil CACHE cache.
2023-04-01-19:29:08.938 INFO [main]-tk.mybatis.mapper.autoconfigure.MapperCacheDisabler:83>>Clear EntityHelper entityTableMap cache.
2023-04-01-19:29:09.051 INFO [main]-org.quartz.impl.StdSchedulerFactory:1220>>Using default implementation for ThreadExecutor
2023-04-01-19:29:09.062 INFO [main]-org.quartz.core.SchedulerSignalerImpl:61>>Initialized Scheduler Signaller of type: class org.quartz.core.SchedulerSignalerImpl
2023-04-01-19:29:09.062 INFO [main]-org.quartz.core.QuartzScheduler:229>>Quartz Scheduler v.2.3.2 created.
2023-04-01-19:29:09.063 INFO [main]-org.quartz.simpl.RAMJobStore:155>>RAMJobStore initialized.
2023-04-01-19:29:09.064 INFO [main]-org.quartz.core.QuartzScheduler:294>>Scheduler meta-data: Quartz Scheduler (v2.3.2) 'quartzScheduler' with instanceId 'NON_CLUSTERED'
  Scheduler class: 'org.quartz.core.QuartzScheduler' - running locally.
  NOT STARTED.
  Currently in standby mode.
  Number of jobs executed: 0
  Using thread pool 'org.quartz.simpl.SimpleThreadPool' - with 10 threads.
  Using job-store 'org.quartz.simpl.RAMJobStore' - which does not support persistence. and is not clustered.

2023-04-01-19:29:09.064 INFO [main]-org.quartz.impl.StdSchedulerFactory:1374>>Quartz scheduler 'quartzScheduler' initialized from an externally provided properties instance.
2023-04-01-19:29:09.064 INFO [main]-org.quartz.impl.StdSchedulerFactory:1378>>Quartz scheduler version: 2.3.2
2023-04-01-19:29:09.064 INFO [main]-org.quartz.core.QuartzScheduler:2293>>JobFactory set to: org.springframework.scheduling.quartz.SpringBeanJobFactory@7d3815f7
2023-04-01-19:29:09.114 INFO [main]-org.apache.juli.logging.DirectJDKLog:173>>Starting ProtocolHandler ["http-nio-8080"]
2023-04-01-19:29:09.124 INFO [main]-org.springframework.boot.web.embedded.tomcat.TomcatWebServer:220>>Tomcat started on port(s): 8080 (http) with context path ''
2023-04-01-19:29:09.125 INFO [main]-springfox.documentation.spring.web.plugins.DocumentationPluginsBootstrapper:160>>Context refreshed
2023-04-01-19:29:09.144 INFO [main]-springfox.documentation.spring.web.plugins.DocumentationPluginsBootstrapper:163>>Found 1 custom documentation plugin(s)
2023-04-01-19:29:09.183 INFO [main]-springfox.documentation.spring.web.scanners.ApiListingReferenceScanner:41>>Scanning for api listing references
2023-04-01-19:29:09.347 INFO [main]-springfox.documentation.spring.web.readers.operation.CachingOperationNameGenerator:40>>Generating unique operation named: getProductCommentsUsingGET_1
2023-04-01-19:29:09.380 INFO [main]-org.springframework.scheduling.quartz.SchedulerFactoryBean:729>>Starting Quartz Scheduler now
2023-04-01-19:29:09.380 INFO [main]-org.quartz.core.QuartzScheduler:547>>Scheduler quartzScheduler_$_NON_CLUSTERED started.
2023-04-01-19:29:09.391 INFO [main]-org.springframework.boot.StartupInfoLogger:61>>Started ApiApplication in 6.179 seconds (JVM running for 7.549)
2023-04-01-19:29:15.909 INFO [http-nio-8080-exec-4]-org.apache.juli.logging.DirectJDKLog:173>>Initializing Spring DispatcherServlet 'dispatcherServlet'
2023-04-01-19:29:15.909 INFO [http-nio-8080-exec-4]-org.springframework.web.servlet.FrameworkServlet:525>>Initializing Servlet 'dispatcherServlet'
2023-04-01-19:29:15.911 INFO [http-nio-8080-exec-4]-org.springframework.web.servlet.FrameworkServlet:547>>Completed initialization in 1 ms
2023-04-01-19:30:49.499 WARN [http-nio-8080-exec-6]-com.alibaba.druid.pool.DruidAbstractDataSource:1494>>discard long time none received connection. , jdbcUrl : jdbc:mysql://47.120.13.50:3306/kzmall?useSSL=false, version : 1.2.8, lastPacketReceivedIdleMillis : 92160
