2023-03-29-13:06:43.577 INFO [main]-org.springframework.boot.StartupInfoLogger:55>>Starting ApiApplication using Java 1.8.0_311 on LAPTOP-40SKAM17 with PID 1296 (D:\IDEA工程\KzMall\api\target\classes started by 岁月静好 in D:\IDEA工程\KzMall)
2023-03-29-13:06:43.580 INFO [main]-org.springframework.boot.SpringApplication:631>>No active profile set, falling back to 1 default profile: "default"
2023-03-29-13:06:44.439 INFO [main]-org.springframework.data.repository.config.RepositoryConfigurationDelegate:262>>Multiple Spring Data modules found, entering strict repository configuration mode
2023-03-29-13:06:44.442 INFO [main]-org.springframework.data.repository.config.RepositoryConfigurationDelegate:132>>Bootstrapping Spring Data Redis repositories in DEFAULT mode.
2023-03-29-13:06:44.481 INFO [main]-org.springframework.data.repository.config.RepositoryConfigurationDelegate:201>>Finished Spring Data repository scanning in 23 ms. Found 0 Redis repository interfaces.
2023-03-29-13:06:44.582 WARN [main]-org.mybatis.logging.Logger:44>>No MyBatis mapper was found in '[com.gyb]' package. Please check your configuration.
2023-03-29-13:06:44.960 INFO [main]-org.springframework.boot.web.embedded.tomcat.TomcatWebServer:108>>Tomcat initialized with port(s): 8080 (http)
2023-03-29-13:06:44.969 INFO [main]-org.apache.juli.logging.DirectJDKLog:173>>Initializing ProtocolHandler ["http-nio-8080"]
2023-03-29-13:06:44.970 INFO [main]-org.apache.juli.logging.DirectJDKLog:173>>Starting service [Tomcat]
2023-03-29-13:06:44.970 INFO [main]-org.apache.juli.logging.DirectJDKLog:173>>Starting Servlet engine: [Apache Tomcat/9.0.71]
2023-03-29-13:06:45.121 INFO [main]-org.apache.juli.logging.DirectJDKLog:173>>Initializing Spring embedded WebApplicationContext
2023-03-29-13:06:45.121 INFO [main]-org.springframework.boot.web.servlet.context.ServletWebServerApplicationContext:292>>Root WebApplicationContext: initialization completed in 1497 ms
2023-03-29-13:06:45.302 INFO [main]-com.alibaba.druid.spring.boot.autoconfigure.DruidDataSourceAutoConfigure:56>>Init DruidDataSource
2023-03-29-13:06:45.396 INFO [main]-com.alibaba.druid.pool.DruidDataSource:998>>{dataSource-1} inited
2023-03-29-13:06:46.487 INFO [main]-springfox.documentation.spring.web.PropertySourcedRequestMappingHandlerMapping:69>>Mapped URL path [/v2/api-docs] onto method [springfox.documentation.swagger2.web.Swagger2Controller#getDocumentation(String, HttpServletRequest)]
2023-03-29-13:06:54.086 INFO [main]-tk.mybatis.mapper.autoconfigure.MapperCacheDisabler:60>>Clear tk.mybatis.mapper.util.MsUtil CLASS_CACHE cache.
2023-03-29-13:06:54.089 INFO [main]-tk.mybatis.mapper.autoconfigure.MapperCacheDisabler:60>>Clear tk.mybatis.mapper.genid.GenIdUtil CACHE cache.
2023-03-29-13:06:54.090 INFO [main]-tk.mybatis.mapper.autoconfigure.MapperCacheDisabler:60>>Clear tk.mybatis.mapper.version.VersionUtil CACHE cache.
2023-03-29-13:06:54.091 INFO [main]-tk.mybatis.mapper.autoconfigure.MapperCacheDisabler:83>>Clear EntityHelper entityTableMap cache.
2023-03-29-13:06:54.339 WARN [main]-org.springframework.context.support.AbstractApplicationContext:591>>Exception encountered during context initialization - cancelling refresh attempt: org.springframework.beans.factory.BeanCreationException: Error creating bean with name 'redisConnectionFactory' defined in class path resource [org/springframework/boot/autoconfigure/data/redis/LettuceConnectionConfiguration.class]: Bean instantiation via factory method failed; nested exception is org.springframework.beans.BeanInstantiationException: Failed to instantiate [org.springframework.data.redis.connection.lettuce.LettuceConnectionFactory]: Factory method 'redisConnectionFactory' threw exception; nested exception is org.springframework.boot.autoconfigure.data.redis.RedisUrlSyntaxException: Invalid Redis URL '47.120.13.50:22'
2023-03-29-13:06:54.363 INFO [main]-com.alibaba.druid.pool.DruidDataSource:2071>>{dataSource-1} closing ...
2023-03-29-13:06:54.365 INFO [main]-com.alibaba.druid.pool.DruidDataSource:2144>>{dataSource-1} closed
2023-03-29-13:06:54.369 INFO [main]-org.apache.juli.logging.DirectJDKLog:173>>Stopping service [Tomcat]
2023-03-29-13:06:54.386 INFO [main]-org.springframework.boot.autoconfigure.logging.ConditionEvaluationReportLoggingListener:136>>

Error starting ApplicationContext. To display the conditions report re-run your application with 'debug' enabled.
2023-03-29-13:06:54.422 ERROR [main]-org.springframework.boot.diagnostics.LoggingFailureAnalysisReporter:40>>

***************************
APPLICATION FAILED TO START
***************************

Description:

The URL '47.120.13.50:22' is not valid for configuring Spring Data Redis. 

Action:

Review the value of the property 'spring.redis.url'.

2023-03-29-13:08:00.226 INFO [main]-org.springframework.boot.StartupInfoLogger:55>>Starting ApiApplication using Java 1.8.0_311 on LAPTOP-40SKAM17 with PID 7232 (D:\IDEA工程\KzMall\api\target\classes started by 岁月静好 in D:\IDEA工程\KzMall)
2023-03-29-13:08:00.229 INFO [main]-org.springframework.boot.SpringApplication:631>>No active profile set, falling back to 1 default profile: "default"
2023-03-29-13:08:01.479 INFO [main]-org.springframework.data.repository.config.RepositoryConfigurationDelegate:262>>Multiple Spring Data modules found, entering strict repository configuration mode
2023-03-29-13:08:01.483 INFO [main]-org.springframework.data.repository.config.RepositoryConfigurationDelegate:132>>Bootstrapping Spring Data Redis repositories in DEFAULT mode.
2023-03-29-13:08:01.540 INFO [main]-org.springframework.data.repository.config.RepositoryConfigurationDelegate:201>>Finished Spring Data repository scanning in 33 ms. Found 0 Redis repository interfaces.
2023-03-29-13:08:01.687 WARN [main]-org.mybatis.logging.Logger:44>>No MyBatis mapper was found in '[com.gyb]' package. Please check your configuration.
2023-03-29-13:08:02.232 INFO [main]-org.springframework.boot.web.embedded.tomcat.TomcatWebServer:108>>Tomcat initialized with port(s): 8080 (http)
2023-03-29-13:08:02.248 INFO [main]-org.apache.juli.logging.DirectJDKLog:173>>Initializing ProtocolHandler ["http-nio-8080"]
2023-03-29-13:08:02.249 INFO [main]-org.apache.juli.logging.DirectJDKLog:173>>Starting service [Tomcat]
2023-03-29-13:08:02.249 INFO [main]-org.apache.juli.logging.DirectJDKLog:173>>Starting Servlet engine: [Apache Tomcat/9.0.71]
2023-03-29-13:08:02.472 INFO [main]-org.apache.juli.logging.DirectJDKLog:173>>Initializing Spring embedded WebApplicationContext
2023-03-29-13:08:02.472 INFO [main]-org.springframework.boot.web.servlet.context.ServletWebServerApplicationContext:292>>Root WebApplicationContext: initialization completed in 2181 ms
2023-03-29-13:08:02.741 INFO [main]-com.alibaba.druid.spring.boot.autoconfigure.DruidDataSourceAutoConfigure:56>>Init DruidDataSource
2023-03-29-13:08:02.885 INFO [main]-com.alibaba.druid.pool.DruidDataSource:998>>{dataSource-1} inited
2023-03-29-13:08:04.383 INFO [main]-springfox.documentation.spring.web.PropertySourcedRequestMappingHandlerMapping:69>>Mapped URL path [/v2/api-docs] onto method [springfox.documentation.swagger2.web.Swagger2Controller#getDocumentation(String, HttpServletRequest)]
2023-03-29-13:08:04.704 INFO [main]-tk.mybatis.mapper.autoconfigure.MapperCacheDisabler:60>>Clear tk.mybatis.mapper.util.MsUtil CLASS_CACHE cache.
2023-03-29-13:08:04.705 INFO [main]-tk.mybatis.mapper.autoconfigure.MapperCacheDisabler:60>>Clear tk.mybatis.mapper.genid.GenIdUtil CACHE cache.
2023-03-29-13:08:04.706 INFO [main]-tk.mybatis.mapper.autoconfigure.MapperCacheDisabler:60>>Clear tk.mybatis.mapper.version.VersionUtil CACHE cache.
2023-03-29-13:08:04.707 INFO [main]-tk.mybatis.mapper.autoconfigure.MapperCacheDisabler:83>>Clear EntityHelper entityTableMap cache.
2023-03-29-13:08:04.879 WARN [main]-org.springframework.context.support.AbstractApplicationContext:591>>Exception encountered during context initialization - cancelling refresh attempt: org.springframework.beans.factory.BeanCreationException: Error creating bean with name 'redisConnectionFactory' defined in class path resource [org/springframework/boot/autoconfigure/data/redis/LettuceConnectionConfiguration.class]: Bean instantiation via factory method failed; nested exception is org.springframework.beans.BeanInstantiationException: Failed to instantiate [org.springframework.data.redis.connection.lettuce.LettuceConnectionFactory]: Factory method 'redisConnectionFactory' threw exception; nested exception is org.springframework.boot.autoconfigure.data.redis.RedisUrlSyntaxException: Invalid Redis URL '47.120.13.50:22'
2023-03-29-13:08:04.915 INFO [main]-com.alibaba.druid.pool.DruidDataSource:2071>>{dataSource-1} closing ...
2023-03-29-13:08:04.916 INFO [main]-com.alibaba.druid.pool.DruidDataSource:2144>>{dataSource-1} closed
2023-03-29-13:08:04.919 INFO [main]-org.apache.juli.logging.DirectJDKLog:173>>Stopping service [Tomcat]
2023-03-29-13:08:04.932 INFO [main]-org.springframework.boot.autoconfigure.logging.ConditionEvaluationReportLoggingListener:136>>

Error starting ApplicationContext. To display the conditions report re-run your application with 'debug' enabled.
2023-03-29-13:08:04.957 ERROR [main]-org.springframework.boot.diagnostics.LoggingFailureAnalysisReporter:40>>

***************************
APPLICATION FAILED TO START
***************************

Description:

The URL '47.120.13.50:22' is not valid for configuring Spring Data Redis. 

Action:

Review the value of the property 'spring.redis.url'.

2023-03-29-13:08:49.242 INFO [main]-org.springframework.boot.StartupInfoLogger:55>>Starting ApiApplication using Java 1.8.0_311 on LAPTOP-40SKAM17 with PID 8600 (D:\IDEA工程\KzMall\api\target\classes started by 岁月静好 in D:\IDEA工程\KzMall)
2023-03-29-13:08:49.246 INFO [main]-org.springframework.boot.SpringApplication:631>>No active profile set, falling back to 1 default profile: "default"
2023-03-29-13:08:50.466 INFO [main]-org.springframework.data.repository.config.RepositoryConfigurationDelegate:262>>Multiple Spring Data modules found, entering strict repository configuration mode
2023-03-29-13:08:50.469 INFO [main]-org.springframework.data.repository.config.RepositoryConfigurationDelegate:132>>Bootstrapping Spring Data Redis repositories in DEFAULT mode.
2023-03-29-13:08:50.524 INFO [main]-org.springframework.data.repository.config.RepositoryConfigurationDelegate:201>>Finished Spring Data repository scanning in 32 ms. Found 0 Redis repository interfaces.
2023-03-29-13:08:50.667 WARN [main]-org.mybatis.logging.Logger:44>>No MyBatis mapper was found in '[com.gyb]' package. Please check your configuration.
2023-03-29-13:08:51.196 INFO [main]-org.springframework.boot.web.embedded.tomcat.TomcatWebServer:108>>Tomcat initialized with port(s): 8080 (http)
2023-03-29-13:08:51.209 INFO [main]-org.apache.juli.logging.DirectJDKLog:173>>Initializing ProtocolHandler ["http-nio-8080"]
2023-03-29-13:08:51.210 INFO [main]-org.apache.juli.logging.DirectJDKLog:173>>Starting service [Tomcat]
2023-03-29-13:08:51.210 INFO [main]-org.apache.juli.logging.DirectJDKLog:173>>Starting Servlet engine: [Apache Tomcat/9.0.71]
2023-03-29-13:08:51.426 INFO [main]-org.apache.juli.logging.DirectJDKLog:173>>Initializing Spring embedded WebApplicationContext
2023-03-29-13:08:51.426 INFO [main]-org.springframework.boot.web.servlet.context.ServletWebServerApplicationContext:292>>Root WebApplicationContext: initialization completed in 2122 ms
2023-03-29-13:08:51.682 INFO [main]-com.alibaba.druid.spring.boot.autoconfigure.DruidDataSourceAutoConfigure:56>>Init DruidDataSource
2023-03-29-13:08:51.823 INFO [main]-com.alibaba.druid.pool.DruidDataSource:998>>{dataSource-1} inited
2023-03-29-13:08:53.315 INFO [main]-springfox.documentation.spring.web.PropertySourcedRequestMappingHandlerMapping:69>>Mapped URL path [/v2/api-docs] onto method [springfox.documentation.swagger2.web.Swagger2Controller#getDocumentation(String, HttpServletRequest)]
2023-03-29-13:08:53.628 INFO [main]-tk.mybatis.mapper.autoconfigure.MapperCacheDisabler:60>>Clear tk.mybatis.mapper.util.MsUtil CLASS_CACHE cache.
2023-03-29-13:08:53.629 INFO [main]-tk.mybatis.mapper.autoconfigure.MapperCacheDisabler:60>>Clear tk.mybatis.mapper.genid.GenIdUtil CACHE cache.
2023-03-29-13:08:53.630 INFO [main]-tk.mybatis.mapper.autoconfigure.MapperCacheDisabler:60>>Clear tk.mybatis.mapper.version.VersionUtil CACHE cache.
2023-03-29-13:08:53.631 INFO [main]-tk.mybatis.mapper.autoconfigure.MapperCacheDisabler:83>>Clear EntityHelper entityTableMap cache.
2023-03-29-13:08:53.790 WARN [main]-org.springframework.context.support.AbstractApplicationContext:591>>Exception encountered during context initialization - cancelling refresh attempt: org.springframework.beans.factory.BeanCreationException: Error creating bean with name 'redisConnectionFactory' defined in class path resource [org/springframework/boot/autoconfigure/data/redis/LettuceConnectionConfiguration.class]: Bean instantiation via factory method failed; nested exception is org.springframework.beans.BeanInstantiationException: Failed to instantiate [org.springframework.data.redis.connection.lettuce.LettuceConnectionFactory]: Factory method 'redisConnectionFactory' threw exception; nested exception is org.springframework.boot.autoconfigure.data.redis.RedisUrlSyntaxException: Invalid Redis URL '47.120.13.50'
2023-03-29-13:08:53.805 INFO [main]-com.alibaba.druid.pool.DruidDataSource:2071>>{dataSource-1} closing ...
2023-03-29-13:08:53.807 INFO [main]-com.alibaba.druid.pool.DruidDataSource:2144>>{dataSource-1} closed
2023-03-29-13:08:53.810 INFO [main]-org.apache.juli.logging.DirectJDKLog:173>>Stopping service [Tomcat]
2023-03-29-13:08:53.821 INFO [main]-org.springframework.boot.autoconfigure.logging.ConditionEvaluationReportLoggingListener:136>>

Error starting ApplicationContext. To display the conditions report re-run your application with 'debug' enabled.
2023-03-29-13:08:53.844 ERROR [main]-org.springframework.boot.diagnostics.LoggingFailureAnalysisReporter:40>>

***************************
APPLICATION FAILED TO START
***************************

Description:

The URL '47.120.13.50' is not valid for configuring Spring Data Redis. The scheme 'null' is not supported.

Action:

Use the scheme 'redis://' for insecure or 'rediss://' for secure Redis standalone configuration.

2023-03-29-13:15:55.587 INFO [main]-org.springframework.boot.StartupInfoLogger:55>>Starting ApiApplication using Java 1.8.0_311 on LAPTOP-40SKAM17 with PID 14088 (D:\IDEA工程\KzMall\api\target\classes started by 岁月静好 in D:\IDEA工程\KzMall)
2023-03-29-13:15:55.590 INFO [main]-org.springframework.boot.SpringApplication:631>>No active profile set, falling back to 1 default profile: "default"
2023-03-29-13:15:56.836 INFO [main]-org.springframework.data.repository.config.RepositoryConfigurationDelegate:262>>Multiple Spring Data modules found, entering strict repository configuration mode
2023-03-29-13:15:56.839 INFO [main]-org.springframework.data.repository.config.RepositoryConfigurationDelegate:132>>Bootstrapping Spring Data Redis repositories in DEFAULT mode.
2023-03-29-13:15:56.893 INFO [main]-org.springframework.data.repository.config.RepositoryConfigurationDelegate:201>>Finished Spring Data repository scanning in 33 ms. Found 0 Redis repository interfaces.
2023-03-29-13:15:57.042 WARN [main]-org.mybatis.logging.Logger:44>>No MyBatis mapper was found in '[com.gyb]' package. Please check your configuration.
2023-03-29-13:15:57.582 INFO [main]-org.springframework.boot.web.embedded.tomcat.TomcatWebServer:108>>Tomcat initialized with port(s): 8080 (http)
2023-03-29-13:15:57.595 INFO [main]-org.apache.juli.logging.DirectJDKLog:173>>Initializing ProtocolHandler ["http-nio-8080"]
2023-03-29-13:15:57.596 INFO [main]-org.apache.juli.logging.DirectJDKLog:173>>Starting service [Tomcat]
2023-03-29-13:15:57.596 INFO [main]-org.apache.juli.logging.DirectJDKLog:173>>Starting Servlet engine: [Apache Tomcat/9.0.71]
2023-03-29-13:15:57.811 INFO [main]-org.apache.juli.logging.DirectJDKLog:173>>Initializing Spring embedded WebApplicationContext
2023-03-29-13:15:57.812 INFO [main]-org.springframework.boot.web.servlet.context.ServletWebServerApplicationContext:292>>Root WebApplicationContext: initialization completed in 2161 ms
2023-03-29-13:15:58.075 INFO [main]-com.alibaba.druid.spring.boot.autoconfigure.DruidDataSourceAutoConfigure:56>>Init DruidDataSource
2023-03-29-13:15:58.218 INFO [main]-com.alibaba.druid.pool.DruidDataSource:998>>{dataSource-1} inited
2023-03-29-13:15:59.700 INFO [main]-springfox.documentation.spring.web.PropertySourcedRequestMappingHandlerMapping:69>>Mapped URL path [/v2/api-docs] onto method [springfox.documentation.swagger2.web.Swagger2Controller#getDocumentation(String, HttpServletRequest)]
2023-03-29-13:16:00.032 INFO [main]-tk.mybatis.mapper.autoconfigure.MapperCacheDisabler:60>>Clear tk.mybatis.mapper.util.MsUtil CLASS_CACHE cache.
2023-03-29-13:16:00.033 INFO [main]-tk.mybatis.mapper.autoconfigure.MapperCacheDisabler:60>>Clear tk.mybatis.mapper.genid.GenIdUtil CACHE cache.
2023-03-29-13:16:00.034 INFO [main]-tk.mybatis.mapper.autoconfigure.MapperCacheDisabler:60>>Clear tk.mybatis.mapper.version.VersionUtil CACHE cache.
2023-03-29-13:16:00.034 INFO [main]-tk.mybatis.mapper.autoconfigure.MapperCacheDisabler:83>>Clear EntityHelper entityTableMap cache.
2023-03-29-13:16:00.275 WARN [main]-org.springframework.context.support.AbstractApplicationContext:591>>Exception encountered during context initialization - cancelling refresh attempt: org.springframework.beans.factory.BeanCreationException: Error creating bean with name 'redisConnectionFactory' defined in class path resource [org/springframework/boot/autoconfigure/data/redis/LettuceConnectionConfiguration.class]: Invocation of init method failed; nested exception is java.lang.IllegalArgumentException: Port out of range: -1
2023-03-29-13:16:00.294 INFO [main]-com.alibaba.druid.pool.DruidDataSource:2071>>{dataSource-1} closing ...
2023-03-29-13:16:00.296 INFO [main]-com.alibaba.druid.pool.DruidDataSource:2144>>{dataSource-1} closed
2023-03-29-13:16:00.299 INFO [main]-org.apache.juli.logging.DirectJDKLog:173>>Stopping service [Tomcat]
2023-03-29-13:16:00.313 INFO [main]-org.springframework.boot.autoconfigure.logging.ConditionEvaluationReportLoggingListener:136>>

Error starting ApplicationContext. To display the conditions report re-run your application with 'debug' enabled.
2023-03-29-13:16:00.346 ERROR [main]-org.springframework.boot.SpringApplication:821>>Application run failed
org.springframework.beans.factory.BeanCreationException: Error creating bean with name 'redisConnectionFactory' defined in class path resource [org/springframework/boot/autoconfigure/data/redis/LettuceConnectionConfiguration.class]: Invocation of init method failed; nested exception is java.lang.IllegalArgumentException: Port out of range: -1
	at org.springframework.beans.factory.support.AbstractAutowireCapableBeanFactory.initializeBean(AbstractAutowireCapableBeanFactory.java:1804)
	at org.springframework.beans.factory.support.AbstractAutowireCapableBeanFactory.doCreateBean(AbstractAutowireCapableBeanFactory.java:620)
	at org.springframework.beans.factory.support.AbstractAutowireCapableBeanFactory.createBean(AbstractAutowireCapableBeanFactory.java:542)
	at org.springframework.beans.factory.support.AbstractBeanFactory.lambda$doGetBean$0(AbstractBeanFactory.java:335)
	at org.springframework.beans.factory.support.DefaultSingletonBeanRegistry.getSingleton(DefaultSingletonBeanRegistry.java:234)
	at org.springframework.beans.factory.support.AbstractBeanFactory.doGetBean(AbstractBeanFactory.java:333)
	at org.springframework.beans.factory.support.AbstractBeanFactory.getBean(AbstractBeanFactory.java:208)
	at org.springframework.beans.factory.support.DefaultListableBeanFactory.preInstantiateSingletons(DefaultListableBeanFactory.java:955)
	at org.springframework.context.support.AbstractApplicationContext.finishBeanFactoryInitialization(AbstractApplicationContext.java:918)
	at org.springframework.context.support.AbstractApplicationContext.refresh(AbstractApplicationContext.java:583)
	at org.springframework.boot.web.servlet.context.ServletWebServerApplicationContext.refresh(ServletWebServerApplicationContext.java:147)
	at org.springframework.boot.SpringApplication.refresh(SpringApplication.java:731)
	at org.springframework.boot.SpringApplication.refreshContext(SpringApplication.java:408)
	at org.springframework.boot.SpringApplication.run(SpringApplication.java:307)
	at org.springframework.boot.SpringApplication.run(SpringApplication.java:1303)
	at org.springframework.boot.SpringApplication.run(SpringApplication.java:1292)
	at ApiApplication.main(ApiApplication.java:14)
Caused by: java.lang.IllegalArgumentException: Port out of range: -1
	at io.lettuce.core.internal.LettuceAssert.isTrue(LettuceAssert.java:222)
	at io.lettuce.core.RedisURI$Builder.redis(RedisURI.java:1194)
	at org.springframework.data.redis.connection.lettuce.LettuceConnectionFactory.createRedisURIAndApplySettings(LettuceConnectionFactory.java:1274)
	at org.springframework.data.redis.connection.lettuce.LettuceConnectionFactory.createClient(LettuceConnectionFactory.java:1212)
	at org.springframework.data.redis.connection.lettuce.LettuceConnectionFactory.afterPropertiesSet(LettuceConnectionFactory.java:338)
	at org.springframework.beans.factory.support.AbstractAutowireCapableBeanFactory.invokeInitMethods(AbstractAutowireCapableBeanFactory.java:1863)
	at org.springframework.beans.factory.support.AbstractAutowireCapableBeanFactory.initializeBean(AbstractAutowireCapableBeanFactory.java:1800)
	... 16 common frames omitted
2023-03-29-13:19:27.809 INFO [main]-org.springframework.boot.StartupInfoLogger:55>>Starting ApiApplication using Java 1.8.0_311 on LAPTOP-40SKAM17 with PID 5620 (D:\IDEA工程\KzMall\api\target\classes started by 岁月静好 in D:\IDEA工程\KzMall)
2023-03-29-13:19:27.813 INFO [main]-org.springframework.boot.SpringApplication:631>>No active profile set, falling back to 1 default profile: "default"
2023-03-29-13:19:29.060 INFO [main]-org.springframework.data.repository.config.RepositoryConfigurationDelegate:262>>Multiple Spring Data modules found, entering strict repository configuration mode
2023-03-29-13:19:29.063 INFO [main]-org.springframework.data.repository.config.RepositoryConfigurationDelegate:132>>Bootstrapping Spring Data Redis repositories in DEFAULT mode.
2023-03-29-13:19:29.120 INFO [main]-org.springframework.data.repository.config.RepositoryConfigurationDelegate:201>>Finished Spring Data repository scanning in 33 ms. Found 0 Redis repository interfaces.
2023-03-29-13:19:29.268 WARN [main]-org.mybatis.logging.Logger:44>>No MyBatis mapper was found in '[com.gyb]' package. Please check your configuration.
2023-03-29-13:19:29.805 INFO [main]-org.springframework.boot.web.embedded.tomcat.TomcatWebServer:108>>Tomcat initialized with port(s): 8080 (http)
2023-03-29-13:19:29.818 INFO [main]-org.apache.juli.logging.DirectJDKLog:173>>Initializing ProtocolHandler ["http-nio-8080"]
2023-03-29-13:19:29.819 INFO [main]-org.apache.juli.logging.DirectJDKLog:173>>Starting service [Tomcat]
2023-03-29-13:19:29.820 INFO [main]-org.apache.juli.logging.DirectJDKLog:173>>Starting Servlet engine: [Apache Tomcat/9.0.71]
2023-03-29-13:19:30.036 INFO [main]-org.apache.juli.logging.DirectJDKLog:173>>Initializing Spring embedded WebApplicationContext
2023-03-29-13:19:30.037 INFO [main]-org.springframework.boot.web.servlet.context.ServletWebServerApplicationContext:292>>Root WebApplicationContext: initialization completed in 2161 ms
2023-03-29-13:19:30.292 INFO [main]-com.alibaba.druid.spring.boot.autoconfigure.DruidDataSourceAutoConfigure:56>>Init DruidDataSource
2023-03-29-13:19:30.436 INFO [main]-com.alibaba.druid.pool.DruidDataSource:998>>{dataSource-1} inited
2023-03-29-13:19:31.953 INFO [main]-springfox.documentation.spring.web.PropertySourcedRequestMappingHandlerMapping:69>>Mapped URL path [/v2/api-docs] onto method [springfox.documentation.swagger2.web.Swagger2Controller#getDocumentation(String, HttpServletRequest)]
2023-03-29-13:19:32.283 INFO [main]-tk.mybatis.mapper.autoconfigure.MapperCacheDisabler:60>>Clear tk.mybatis.mapper.util.MsUtil CLASS_CACHE cache.
2023-03-29-13:19:32.284 INFO [main]-tk.mybatis.mapper.autoconfigure.MapperCacheDisabler:60>>Clear tk.mybatis.mapper.genid.GenIdUtil CACHE cache.
2023-03-29-13:19:32.285 INFO [main]-tk.mybatis.mapper.autoconfigure.MapperCacheDisabler:60>>Clear tk.mybatis.mapper.version.VersionUtil CACHE cache.
2023-03-29-13:19:32.286 INFO [main]-tk.mybatis.mapper.autoconfigure.MapperCacheDisabler:83>>Clear EntityHelper entityTableMap cache.
2023-03-29-13:19:32.518 WARN [main]-org.springframework.context.support.AbstractApplicationContext:591>>Exception encountered during context initialization - cancelling refresh attempt: org.springframework.beans.factory.BeanCreationException: Error creating bean with name 'redisConnectionFactory' defined in class path resource [org/springframework/boot/autoconfigure/data/redis/LettuceConnectionConfiguration.class]: Invocation of init method failed; nested exception is java.lang.IllegalArgumentException: Port out of range: -1
2023-03-29-13:19:32.537 INFO [main]-com.alibaba.druid.pool.DruidDataSource:2071>>{dataSource-1} closing ...
2023-03-29-13:19:32.538 INFO [main]-com.alibaba.druid.pool.DruidDataSource:2144>>{dataSource-1} closed
2023-03-29-13:19:32.541 INFO [main]-org.apache.juli.logging.DirectJDKLog:173>>Stopping service [Tomcat]
2023-03-29-13:19:32.555 INFO [main]-org.springframework.boot.autoconfigure.logging.ConditionEvaluationReportLoggingListener:136>>

Error starting ApplicationContext. To display the conditions report re-run your application with 'debug' enabled.
2023-03-29-13:19:32.588 ERROR [main]-org.springframework.boot.SpringApplication:821>>Application run failed
org.springframework.beans.factory.BeanCreationException: Error creating bean with name 'redisConnectionFactory' defined in class path resource [org/springframework/boot/autoconfigure/data/redis/LettuceConnectionConfiguration.class]: Invocation of init method failed; nested exception is java.lang.IllegalArgumentException: Port out of range: -1
	at org.springframework.beans.factory.support.AbstractAutowireCapableBeanFactory.initializeBean(AbstractAutowireCapableBeanFactory.java:1804)
	at org.springframework.beans.factory.support.AbstractAutowireCapableBeanFactory.doCreateBean(AbstractAutowireCapableBeanFactory.java:620)
	at org.springframework.beans.factory.support.AbstractAutowireCapableBeanFactory.createBean(AbstractAutowireCapableBeanFactory.java:542)
	at org.springframework.beans.factory.support.AbstractBeanFactory.lambda$doGetBean$0(AbstractBeanFactory.java:335)
	at org.springframework.beans.factory.support.DefaultSingletonBeanRegistry.getSingleton(DefaultSingletonBeanRegistry.java:234)
	at org.springframework.beans.factory.support.AbstractBeanFactory.doGetBean(AbstractBeanFactory.java:333)
	at org.springframework.beans.factory.support.AbstractBeanFactory.getBean(AbstractBeanFactory.java:208)
	at org.springframework.beans.factory.support.DefaultListableBeanFactory.preInstantiateSingletons(DefaultListableBeanFactory.java:955)
	at org.springframework.context.support.AbstractApplicationContext.finishBeanFactoryInitialization(AbstractApplicationContext.java:918)
	at org.springframework.context.support.AbstractApplicationContext.refresh(AbstractApplicationContext.java:583)
	at org.springframework.boot.web.servlet.context.ServletWebServerApplicationContext.refresh(ServletWebServerApplicationContext.java:147)
	at org.springframework.boot.SpringApplication.refresh(SpringApplication.java:731)
	at org.springframework.boot.SpringApplication.refreshContext(SpringApplication.java:408)
	at org.springframework.boot.SpringApplication.run(SpringApplication.java:307)
	at org.springframework.boot.SpringApplication.run(SpringApplication.java:1303)
	at org.springframework.boot.SpringApplication.run(SpringApplication.java:1292)
	at ApiApplication.main(ApiApplication.java:14)
Caused by: java.lang.IllegalArgumentException: Port out of range: -1
	at io.lettuce.core.internal.LettuceAssert.isTrue(LettuceAssert.java:222)
	at io.lettuce.core.RedisURI$Builder.redis(RedisURI.java:1194)
	at org.springframework.data.redis.connection.lettuce.LettuceConnectionFactory.createRedisURIAndApplySettings(LettuceConnectionFactory.java:1274)
	at org.springframework.data.redis.connection.lettuce.LettuceConnectionFactory.createClient(LettuceConnectionFactory.java:1212)
	at org.springframework.data.redis.connection.lettuce.LettuceConnectionFactory.afterPropertiesSet(LettuceConnectionFactory.java:338)
	at org.springframework.beans.factory.support.AbstractAutowireCapableBeanFactory.invokeInitMethods(AbstractAutowireCapableBeanFactory.java:1863)
	at org.springframework.beans.factory.support.AbstractAutowireCapableBeanFactory.initializeBean(AbstractAutowireCapableBeanFactory.java:1800)
	... 16 common frames omitted
2023-03-29-13:30:22.012 INFO [main]-org.springframework.boot.StartupInfoLogger:55>>Starting ApiApplication using Java 1.8.0_311 on LAPTOP-40SKAM17 with PID 14212 (D:\IDEA工程\KzMall\api\target\classes started by 岁月静好 in D:\IDEA工程\KzMall)
2023-03-29-13:30:22.015 INFO [main]-org.springframework.boot.SpringApplication:631>>No active profile set, falling back to 1 default profile: "default"
2023-03-29-13:30:22.877 INFO [main]-org.springframework.data.repository.config.RepositoryConfigurationDelegate:262>>Multiple Spring Data modules found, entering strict repository configuration mode
2023-03-29-13:30:22.879 INFO [main]-org.springframework.data.repository.config.RepositoryConfigurationDelegate:132>>Bootstrapping Spring Data Redis repositories in DEFAULT mode.
2023-03-29-13:30:22.918 INFO [main]-org.springframework.data.repository.config.RepositoryConfigurationDelegate:201>>Finished Spring Data repository scanning in 23 ms. Found 0 Redis repository interfaces.
2023-03-29-13:30:23.024 WARN [main]-org.mybatis.logging.Logger:44>>No MyBatis mapper was found in '[com.gyb]' package. Please check your configuration.
2023-03-29-13:30:23.407 INFO [main]-org.springframework.boot.web.embedded.tomcat.TomcatWebServer:108>>Tomcat initialized with port(s): 8080 (http)
2023-03-29-13:30:23.416 INFO [main]-org.apache.juli.logging.DirectJDKLog:173>>Initializing ProtocolHandler ["http-nio-8080"]
2023-03-29-13:30:23.417 INFO [main]-org.apache.juli.logging.DirectJDKLog:173>>Starting service [Tomcat]
2023-03-29-13:30:23.417 INFO [main]-org.apache.juli.logging.DirectJDKLog:173>>Starting Servlet engine: [Apache Tomcat/9.0.71]
2023-03-29-13:30:23.550 INFO [main]-org.apache.juli.logging.DirectJDKLog:173>>Initializing Spring embedded WebApplicationContext
2023-03-29-13:30:23.550 INFO [main]-org.springframework.boot.web.servlet.context.ServletWebServerApplicationContext:292>>Root WebApplicationContext: initialization completed in 1492 ms
2023-03-29-13:30:23.692 INFO [main]-com.alibaba.druid.spring.boot.autoconfigure.DruidDataSourceAutoConfigure:56>>Init DruidDataSource
2023-03-29-13:30:23.836 INFO [main]-com.alibaba.druid.pool.DruidDataSource:998>>{dataSource-1} inited
2023-03-29-13:30:24.911 INFO [main]-springfox.documentation.spring.web.PropertySourcedRequestMappingHandlerMapping:69>>Mapped URL path [/v2/api-docs] onto method [springfox.documentation.swagger2.web.Swagger2Controller#getDocumentation(String, HttpServletRequest)]
2023-03-29-13:30:25.136 INFO [main]-tk.mybatis.mapper.autoconfigure.MapperCacheDisabler:60>>Clear tk.mybatis.mapper.util.MsUtil CLASS_CACHE cache.
2023-03-29-13:30:25.136 INFO [main]-tk.mybatis.mapper.autoconfigure.MapperCacheDisabler:60>>Clear tk.mybatis.mapper.genid.GenIdUtil CACHE cache.
2023-03-29-13:30:25.136 INFO [main]-tk.mybatis.mapper.autoconfigure.MapperCacheDisabler:60>>Clear tk.mybatis.mapper.version.VersionUtil CACHE cache.
2023-03-29-13:30:25.137 INFO [main]-tk.mybatis.mapper.autoconfigure.MapperCacheDisabler:83>>Clear EntityHelper entityTableMap cache.
2023-03-29-13:30:25.296 WARN [main]-org.springframework.context.support.AbstractApplicationContext:591>>Exception encountered during context initialization - cancelling refresh attempt: org.springframework.beans.factory.BeanCreationException: Error creating bean with name 'redisConnectionFactory' defined in class path resource [org/springframework/boot/autoconfigure/data/redis/LettuceConnectionConfiguration.class]: Invocation of init method failed; nested exception is java.lang.IllegalArgumentException: Port out of range: -1
2023-03-29-13:30:25.306 INFO [main]-com.alibaba.druid.pool.DruidDataSource:2071>>{dataSource-1} closing ...
2023-03-29-13:30:25.307 INFO [main]-com.alibaba.druid.pool.DruidDataSource:2144>>{dataSource-1} closed
2023-03-29-13:30:25.309 INFO [main]-org.apache.juli.logging.DirectJDKLog:173>>Stopping service [Tomcat]
2023-03-29-13:30:25.319 INFO [main]-org.springframework.boot.autoconfigure.logging.ConditionEvaluationReportLoggingListener:136>>

Error starting ApplicationContext. To display the conditions report re-run your application with 'debug' enabled.
2023-03-29-13:30:25.340 ERROR [main]-org.springframework.boot.SpringApplication:821>>Application run failed
org.springframework.beans.factory.BeanCreationException: Error creating bean with name 'redisConnectionFactory' defined in class path resource [org/springframework/boot/autoconfigure/data/redis/LettuceConnectionConfiguration.class]: Invocation of init method failed; nested exception is java.lang.IllegalArgumentException: Port out of range: -1
	at org.springframework.beans.factory.support.AbstractAutowireCapableBeanFactory.initializeBean(AbstractAutowireCapableBeanFactory.java:1804)
	at org.springframework.beans.factory.support.AbstractAutowireCapableBeanFactory.doCreateBean(AbstractAutowireCapableBeanFactory.java:620)
	at org.springframework.beans.factory.support.AbstractAutowireCapableBeanFactory.createBean(AbstractAutowireCapableBeanFactory.java:542)
	at org.springframework.beans.factory.support.AbstractBeanFactory.lambda$doGetBean$0(AbstractBeanFactory.java:335)
	at org.springframework.beans.factory.support.DefaultSingletonBeanRegistry.getSingleton(DefaultSingletonBeanRegistry.java:234)
	at org.springframework.beans.factory.support.AbstractBeanFactory.doGetBean(AbstractBeanFactory.java:333)
	at org.springframework.beans.factory.support.AbstractBeanFactory.getBean(AbstractBeanFactory.java:208)
	at org.springframework.beans.factory.support.DefaultListableBeanFactory.preInstantiateSingletons(DefaultListableBeanFactory.java:955)
	at org.springframework.context.support.AbstractApplicationContext.finishBeanFactoryInitialization(AbstractApplicationContext.java:918)
	at org.springframework.context.support.AbstractApplicationContext.refresh(AbstractApplicationContext.java:583)
	at org.springframework.boot.web.servlet.context.ServletWebServerApplicationContext.refresh(ServletWebServerApplicationContext.java:147)
	at org.springframework.boot.SpringApplication.refresh(SpringApplication.java:731)
	at org.springframework.boot.SpringApplication.refreshContext(SpringApplication.java:408)
	at org.springframework.boot.SpringApplication.run(SpringApplication.java:307)
	at org.springframework.boot.SpringApplication.run(SpringApplication.java:1303)
	at org.springframework.boot.SpringApplication.run(SpringApplication.java:1292)
	at ApiApplication.main(ApiApplication.java:14)
Caused by: java.lang.IllegalArgumentException: Port out of range: -1
	at io.lettuce.core.internal.LettuceAssert.isTrue(LettuceAssert.java:222)
	at io.lettuce.core.RedisURI$Builder.redis(RedisURI.java:1194)
	at org.springframework.data.redis.connection.lettuce.LettuceConnectionFactory.createRedisURIAndApplySettings(LettuceConnectionFactory.java:1274)
	at org.springframework.data.redis.connection.lettuce.LettuceConnectionFactory.createClient(LettuceConnectionFactory.java:1212)
	at org.springframework.data.redis.connection.lettuce.LettuceConnectionFactory.afterPropertiesSet(LettuceConnectionFactory.java:338)
	at org.springframework.beans.factory.support.AbstractAutowireCapableBeanFactory.invokeInitMethods(AbstractAutowireCapableBeanFactory.java:1863)
	at org.springframework.beans.factory.support.AbstractAutowireCapableBeanFactory.initializeBean(AbstractAutowireCapableBeanFactory.java:1800)
	... 16 common frames omitted
2023-03-29-13:35:35.467 INFO [main]-org.springframework.boot.StartupInfoLogger:55>>Starting ApiApplication using Java 1.8.0_311 on LAPTOP-40SKAM17 with PID 5788 (D:\IDEA工程\KzMall\api\target\classes started by 岁月静好 in D:\IDEA工程\KzMall)
2023-03-29-13:35:35.470 INFO [main]-org.springframework.boot.SpringApplication:631>>No active profile set, falling back to 1 default profile: "default"
2023-03-29-13:35:36.344 INFO [main]-org.springframework.data.repository.config.RepositoryConfigurationDelegate:262>>Multiple Spring Data modules found, entering strict repository configuration mode
2023-03-29-13:35:36.346 INFO [main]-org.springframework.data.repository.config.RepositoryConfigurationDelegate:132>>Bootstrapping Spring Data Redis repositories in DEFAULT mode.
2023-03-29-13:35:36.385 INFO [main]-org.springframework.data.repository.config.RepositoryConfigurationDelegate:201>>Finished Spring Data repository scanning in 22 ms. Found 0 Redis repository interfaces.
2023-03-29-13:35:36.486 WARN [main]-org.mybatis.logging.Logger:44>>No MyBatis mapper was found in '[com.gyb]' package. Please check your configuration.
2023-03-29-13:35:36.872 INFO [main]-org.springframework.boot.web.embedded.tomcat.TomcatWebServer:108>>Tomcat initialized with port(s): 8080 (http)
2023-03-29-13:35:36.881 INFO [main]-org.apache.juli.logging.DirectJDKLog:173>>Initializing ProtocolHandler ["http-nio-8080"]
2023-03-29-13:35:36.882 INFO [main]-org.apache.juli.logging.DirectJDKLog:173>>Starting service [Tomcat]
2023-03-29-13:35:36.882 INFO [main]-org.apache.juli.logging.DirectJDKLog:173>>Starting Servlet engine: [Apache Tomcat/9.0.71]
2023-03-29-13:35:37.032 INFO [main]-org.apache.juli.logging.DirectJDKLog:173>>Initializing Spring embedded WebApplicationContext
2023-03-29-13:35:37.032 INFO [main]-org.springframework.boot.web.servlet.context.ServletWebServerApplicationContext:292>>Root WebApplicationContext: initialization completed in 1509 ms
2023-03-29-13:35:37.210 INFO [main]-com.alibaba.druid.spring.boot.autoconfigure.DruidDataSourceAutoConfigure:56>>Init DruidDataSource
2023-03-29-13:35:37.307 INFO [main]-com.alibaba.druid.pool.DruidDataSource:998>>{dataSource-1} inited
2023-03-29-13:35:38.346 INFO [main]-springfox.documentation.spring.web.PropertySourcedRequestMappingHandlerMapping:69>>Mapped URL path [/v2/api-docs] onto method [springfox.documentation.swagger2.web.Swagger2Controller#getDocumentation(String, HttpServletRequest)]
2023-03-29-13:35:38.575 INFO [main]-tk.mybatis.mapper.autoconfigure.MapperCacheDisabler:60>>Clear tk.mybatis.mapper.util.MsUtil CLASS_CACHE cache.
2023-03-29-13:35:38.576 INFO [main]-tk.mybatis.mapper.autoconfigure.MapperCacheDisabler:60>>Clear tk.mybatis.mapper.genid.GenIdUtil CACHE cache.
2023-03-29-13:35:38.577 INFO [main]-tk.mybatis.mapper.autoconfigure.MapperCacheDisabler:60>>Clear tk.mybatis.mapper.version.VersionUtil CACHE cache.
2023-03-29-13:35:38.577 INFO [main]-tk.mybatis.mapper.autoconfigure.MapperCacheDisabler:83>>Clear EntityHelper entityTableMap cache.
2023-03-29-13:35:38.740 WARN [main]-org.springframework.context.support.AbstractApplicationContext:591>>Exception encountered during context initialization - cancelling refresh attempt: org.springframework.beans.factory.BeanCreationException: Error creating bean with name 'redisConnectionFactory' defined in class path resource [org/springframework/boot/autoconfigure/data/redis/LettuceConnectionConfiguration.class]: Invocation of init method failed; nested exception is java.lang.IllegalArgumentException: Port out of range: -1
2023-03-29-13:35:38.751 INFO [main]-com.alibaba.druid.pool.DruidDataSource:2071>>{dataSource-1} closing ...
2023-03-29-13:35:38.752 INFO [main]-com.alibaba.druid.pool.DruidDataSource:2144>>{dataSource-1} closed
2023-03-29-13:35:38.754 INFO [main]-org.apache.juli.logging.DirectJDKLog:173>>Stopping service [Tomcat]
2023-03-29-13:35:38.763 INFO [main]-org.springframework.boot.autoconfigure.logging.ConditionEvaluationReportLoggingListener:136>>

Error starting ApplicationContext. To display the conditions report re-run your application with 'debug' enabled.
2023-03-29-13:35:38.784 ERROR [main]-org.springframework.boot.SpringApplication:821>>Application run failed
org.springframework.beans.factory.BeanCreationException: Error creating bean with name 'redisConnectionFactory' defined in class path resource [org/springframework/boot/autoconfigure/data/redis/LettuceConnectionConfiguration.class]: Invocation of init method failed; nested exception is java.lang.IllegalArgumentException: Port out of range: -1
	at org.springframework.beans.factory.support.AbstractAutowireCapableBeanFactory.initializeBean(AbstractAutowireCapableBeanFactory.java:1804)
	at org.springframework.beans.factory.support.AbstractAutowireCapableBeanFactory.doCreateBean(AbstractAutowireCapableBeanFactory.java:620)
	at org.springframework.beans.factory.support.AbstractAutowireCapableBeanFactory.createBean(AbstractAutowireCapableBeanFactory.java:542)
	at org.springframework.beans.factory.support.AbstractBeanFactory.lambda$doGetBean$0(AbstractBeanFactory.java:335)
	at org.springframework.beans.factory.support.DefaultSingletonBeanRegistry.getSingleton(DefaultSingletonBeanRegistry.java:234)
	at org.springframework.beans.factory.support.AbstractBeanFactory.doGetBean(AbstractBeanFactory.java:333)
	at org.springframework.beans.factory.support.AbstractBeanFactory.getBean(AbstractBeanFactory.java:208)
	at org.springframework.beans.factory.support.DefaultListableBeanFactory.preInstantiateSingletons(DefaultListableBeanFactory.java:955)
	at org.springframework.context.support.AbstractApplicationContext.finishBeanFactoryInitialization(AbstractApplicationContext.java:918)
	at org.springframework.context.support.AbstractApplicationContext.refresh(AbstractApplicationContext.java:583)
	at org.springframework.boot.web.servlet.context.ServletWebServerApplicationContext.refresh(ServletWebServerApplicationContext.java:147)
	at org.springframework.boot.SpringApplication.refresh(SpringApplication.java:731)
	at org.springframework.boot.SpringApplication.refreshContext(SpringApplication.java:408)
	at org.springframework.boot.SpringApplication.run(SpringApplication.java:307)
	at org.springframework.boot.SpringApplication.run(SpringApplication.java:1303)
	at org.springframework.boot.SpringApplication.run(SpringApplication.java:1292)
	at ApiApplication.main(ApiApplication.java:14)
Caused by: java.lang.IllegalArgumentException: Port out of range: -1
	at io.lettuce.core.internal.LettuceAssert.isTrue(LettuceAssert.java:222)
	at io.lettuce.core.RedisURI$Builder.redis(RedisURI.java:1194)
	at org.springframework.data.redis.connection.lettuce.LettuceConnectionFactory.createRedisURIAndApplySettings(LettuceConnectionFactory.java:1274)
	at org.springframework.data.redis.connection.lettuce.LettuceConnectionFactory.createClient(LettuceConnectionFactory.java:1212)
	at org.springframework.data.redis.connection.lettuce.LettuceConnectionFactory.afterPropertiesSet(LettuceConnectionFactory.java:338)
	at org.springframework.beans.factory.support.AbstractAutowireCapableBeanFactory.invokeInitMethods(AbstractAutowireCapableBeanFactory.java:1863)
	at org.springframework.beans.factory.support.AbstractAutowireCapableBeanFactory.initializeBean(AbstractAutowireCapableBeanFactory.java:1800)
	... 16 common frames omitted
2023-03-29-13:49:30.087 INFO [main]-org.springframework.boot.StartupInfoLogger:55>>Starting ApiApplication using Java 1.8.0_311 on LAPTOP-40SKAM17 with PID 17044 (D:\IDEA工程\KzMall\api\target\classes started by 岁月静好 in D:\IDEA工程\KzMall)
2023-03-29-13:49:30.090 INFO [main]-org.springframework.boot.SpringApplication:631>>No active profile set, falling back to 1 default profile: "default"
2023-03-29-13:49:30.951 INFO [main]-org.springframework.data.repository.config.RepositoryConfigurationDelegate:262>>Multiple Spring Data modules found, entering strict repository configuration mode
2023-03-29-13:49:30.954 INFO [main]-org.springframework.data.repository.config.RepositoryConfigurationDelegate:132>>Bootstrapping Spring Data Redis repositories in DEFAULT mode.
2023-03-29-13:49:30.993 INFO [main]-org.springframework.data.repository.config.RepositoryConfigurationDelegate:201>>Finished Spring Data repository scanning in 21 ms. Found 0 Redis repository interfaces.
2023-03-29-13:49:31.099 WARN [main]-org.mybatis.logging.Logger:44>>No MyBatis mapper was found in '[com.gyb]' package. Please check your configuration.
2023-03-29-13:49:31.488 INFO [main]-org.springframework.boot.web.embedded.tomcat.TomcatWebServer:108>>Tomcat initialized with port(s): 8080 (http)
2023-03-29-13:49:31.496 INFO [main]-org.apache.juli.logging.DirectJDKLog:173>>Initializing ProtocolHandler ["http-nio-8080"]
2023-03-29-13:49:31.497 INFO [main]-org.apache.juli.logging.DirectJDKLog:173>>Starting service [Tomcat]
2023-03-29-13:49:31.497 INFO [main]-org.apache.juli.logging.DirectJDKLog:173>>Starting Servlet engine: [Apache Tomcat/9.0.71]
2023-03-29-13:49:31.629 INFO [main]-org.apache.juli.logging.DirectJDKLog:173>>Initializing Spring embedded WebApplicationContext
2023-03-29-13:49:31.630 INFO [main]-org.springframework.boot.web.servlet.context.ServletWebServerApplicationContext:292>>Root WebApplicationContext: initialization completed in 1495 ms
2023-03-29-13:49:31.775 INFO [main]-com.alibaba.druid.spring.boot.autoconfigure.DruidDataSourceAutoConfigure:56>>Init DruidDataSource
2023-03-29-13:49:31.919 INFO [main]-com.alibaba.druid.pool.DruidDataSource:998>>{dataSource-1} inited
2023-03-29-13:49:32.963 INFO [main]-springfox.documentation.spring.web.PropertySourcedRequestMappingHandlerMapping:69>>Mapped URL path [/v2/api-docs] onto method [springfox.documentation.swagger2.web.Swagger2Controller#getDocumentation(String, HttpServletRequest)]
2023-03-29-13:49:33.191 INFO [main]-tk.mybatis.mapper.autoconfigure.MapperCacheDisabler:60>>Clear tk.mybatis.mapper.util.MsUtil CLASS_CACHE cache.
2023-03-29-13:49:33.192 INFO [main]-tk.mybatis.mapper.autoconfigure.MapperCacheDisabler:60>>Clear tk.mybatis.mapper.genid.GenIdUtil CACHE cache.
2023-03-29-13:49:33.192 INFO [main]-tk.mybatis.mapper.autoconfigure.MapperCacheDisabler:60>>Clear tk.mybatis.mapper.version.VersionUtil CACHE cache.
2023-03-29-13:49:33.193 INFO [main]-tk.mybatis.mapper.autoconfigure.MapperCacheDisabler:83>>Clear EntityHelper entityTableMap cache.
2023-03-29-13:49:33.349 WARN [main]-org.springframework.context.support.AbstractApplicationContext:591>>Exception encountered during context initialization - cancelling refresh attempt: org.springframework.beans.factory.BeanCreationException: Error creating bean with name 'redisConnectionFactory' defined in class path resource [org/springframework/boot/autoconfigure/data/redis/LettuceConnectionConfiguration.class]: Invocation of init method failed; nested exception is java.lang.IllegalArgumentException: Port out of range: -1
2023-03-29-13:49:33.360 INFO [main]-com.alibaba.druid.pool.DruidDataSource:2071>>{dataSource-1} closing ...
2023-03-29-13:49:33.361 INFO [main]-com.alibaba.druid.pool.DruidDataSource:2144>>{dataSource-1} closed
2023-03-29-13:49:33.363 INFO [main]-org.apache.juli.logging.DirectJDKLog:173>>Stopping service [Tomcat]
2023-03-29-13:49:33.373 INFO [main]-org.springframework.boot.autoconfigure.logging.ConditionEvaluationReportLoggingListener:136>>

Error starting ApplicationContext. To display the conditions report re-run your application with 'debug' enabled.
2023-03-29-13:49:33.398 ERROR [main]-org.springframework.boot.SpringApplication:821>>Application run failed
org.springframework.beans.factory.BeanCreationException: Error creating bean with name 'redisConnectionFactory' defined in class path resource [org/springframework/boot/autoconfigure/data/redis/LettuceConnectionConfiguration.class]: Invocation of init method failed; nested exception is java.lang.IllegalArgumentException: Port out of range: -1
	at org.springframework.beans.factory.support.AbstractAutowireCapableBeanFactory.initializeBean(AbstractAutowireCapableBeanFactory.java:1804)
	at org.springframework.beans.factory.support.AbstractAutowireCapableBeanFactory.doCreateBean(AbstractAutowireCapableBeanFactory.java:620)
	at org.springframework.beans.factory.support.AbstractAutowireCapableBeanFactory.createBean(AbstractAutowireCapableBeanFactory.java:542)
	at org.springframework.beans.factory.support.AbstractBeanFactory.lambda$doGetBean$0(AbstractBeanFactory.java:335)
	at org.springframework.beans.factory.support.DefaultSingletonBeanRegistry.getSingleton(DefaultSingletonBeanRegistry.java:234)
	at org.springframework.beans.factory.support.AbstractBeanFactory.doGetBean(AbstractBeanFactory.java:333)
	at org.springframework.beans.factory.support.AbstractBeanFactory.getBean(AbstractBeanFactory.java:208)
	at org.springframework.beans.factory.support.DefaultListableBeanFactory.preInstantiateSingletons(DefaultListableBeanFactory.java:955)
	at org.springframework.context.support.AbstractApplicationContext.finishBeanFactoryInitialization(AbstractApplicationContext.java:918)
	at org.springframework.context.support.AbstractApplicationContext.refresh(AbstractApplicationContext.java:583)
	at org.springframework.boot.web.servlet.context.ServletWebServerApplicationContext.refresh(ServletWebServerApplicationContext.java:147)
	at org.springframework.boot.SpringApplication.refresh(SpringApplication.java:731)
	at org.springframework.boot.SpringApplication.refreshContext(SpringApplication.java:408)
	at org.springframework.boot.SpringApplication.run(SpringApplication.java:307)
	at org.springframework.boot.SpringApplication.run(SpringApplication.java:1303)
	at org.springframework.boot.SpringApplication.run(SpringApplication.java:1292)
	at ApiApplication.main(ApiApplication.java:14)
Caused by: java.lang.IllegalArgumentException: Port out of range: -1
	at io.lettuce.core.internal.LettuceAssert.isTrue(LettuceAssert.java:222)
	at io.lettuce.core.RedisURI$Builder.redis(RedisURI.java:1194)
	at org.springframework.data.redis.connection.lettuce.LettuceConnectionFactory.createRedisURIAndApplySettings(LettuceConnectionFactory.java:1274)
	at org.springframework.data.redis.connection.lettuce.LettuceConnectionFactory.createClient(LettuceConnectionFactory.java:1212)
	at org.springframework.data.redis.connection.lettuce.LettuceConnectionFactory.afterPropertiesSet(LettuceConnectionFactory.java:338)
	at org.springframework.beans.factory.support.AbstractAutowireCapableBeanFactory.invokeInitMethods(AbstractAutowireCapableBeanFactory.java:1863)
	at org.springframework.beans.factory.support.AbstractAutowireCapableBeanFactory.initializeBean(AbstractAutowireCapableBeanFactory.java:1800)
	... 16 common frames omitted
